2024-03-22 20:28:33,256 - INFO - TEST - Accuracy: 0.7358774038461539
2024-03-22 20:28:33,257 - INFO - CONFIG - Paths - traindata: ./data/train
2024-03-22 20:28:33,257 - INFO - CONFIG - Paths - testdata: ./data/test
2024-03-22 20:28:33,257 - INFO - CONFIG - Data - batchsize: 128
2024-03-22 20:28:33,257 - INFO - CONFIG - Pooling - pool1size: 2
2024-03-22 20:28:33,257 - INFO - CONFIG - Pooling - pool1stride: 2
2024-03-22 20:28:33,257 - INFO - CONFIG - Pooling - pool2size: 2
2024-03-22 20:28:33,257 - INFO - CONFIG - Pooling - pool2stride: 2
2024-03-22 20:28:33,257 - INFO - CONFIG - Pooling - pool3size: 2
2024-03-22 20:28:33,257 - INFO - CONFIG - Pooling - pool3stride: 2
2024-03-22 20:28:33,257 - INFO - CONFIG - Device - device: cuda
2024-03-22 20:28:33,257 - INFO - CONFIG - Conv - kernelsize1: 3
2024-03-22 20:28:33,257 - INFO - CONFIG - Conv - kernelsize2: 3
2024-03-22 20:28:33,257 - INFO - CONFIG - Conv - kernelsize3: 1
2024-03-22 20:28:33,257 - INFO - CONFIG - Conv - kernelsize4: 3
2024-03-22 20:28:33,257 - INFO - CONFIG - Conv - kernelsize5: 3
2024-03-22 20:28:33,257 - INFO - CONFIG - Conv - conv1in: 3
2024-03-22 20:28:33,257 - INFO - CONFIG - Conv - conv1out: 256
2024-03-22 20:28:33,257 - INFO - CONFIG - Conv - conv2in: 256
2024-03-22 20:28:33,257 - INFO - CONFIG - Conv - conv2out: 512
2024-03-22 20:28:33,257 - INFO - CONFIG - Conv - conv3in: 512
2024-03-22 20:28:33,257 - INFO - CONFIG - Conv - conv3out: 1024
2024-03-22 20:28:33,257 - INFO - CONFIG - Conv - conv4in: 1024
2024-03-22 20:28:33,257 - INFO - CONFIG - Conv - conv4out: 2048
2024-03-22 20:28:33,257 - INFO - CONFIG - Conv - conv5in: 2048
2024-03-22 20:28:33,257 - INFO - CONFIG - Conv - conv5out: 4096
2024-03-22 20:28:33,257 - INFO - CONFIG - Linear - l1in: 
2024-03-22 20:28:33,257 - INFO - CONFIG - Linear - l1out: 4096
2024-03-22 20:28:33,257 - INFO - CONFIG - Linear - l2in: 4096
2024-03-22 20:28:33,257 - INFO - CONFIG - Linear - l2out: 1024
2024-03-22 20:28:33,257 - INFO - CONFIG - Linear - l3in: 1024
2024-03-22 20:28:33,257 - INFO - CONFIG - Linear - l3out: 10
2024-03-22 20:28:33,257 - INFO - CONFIG - View - v1: -1
2024-03-22 20:28:33,257 - INFO - CONFIG - View - v2: 1024
2024-03-22 20:28:33,257 - INFO - CONFIG - Training - numepochs: 10
2024-03-22 20:28:33,257 - INFO - CONFIG - Training - learningrate: 0.0005
2024-03-22 20:28:33,257 - INFO - TRAINING - Epoch: 1, Loss per Epoch: 636.9292602539062
2024-03-22 20:28:33,257 - INFO - TRAINING - Epoch: 2, Loss per Epoch: 451.261962890625
2024-03-22 20:28:33,257 - INFO - TRAINING - Epoch: 3, Loss per Epoch: 375.1797790527344
2024-03-22 20:28:33,257 - INFO - TRAINING - Epoch: 4, Loss per Epoch: 315.8144836425781
2024-03-22 20:28:33,257 - INFO - TRAINING - Epoch: 5, Loss per Epoch: 257.5589294433594
2024-03-22 20:28:33,257 - INFO - TRAINING - Epoch: 6, Loss per Epoch: 202.83531188964844
2024-03-22 20:28:33,257 - INFO - TRAINING - Epoch: 7, Loss per Epoch: 146.15008544921875
2024-03-22 20:28:33,257 - INFO - TRAINING - Epoch: 8, Loss per Epoch: 99.24073791503906
2024-03-22 20:28:33,257 - INFO - TRAINING - Epoch: 9, Loss per Epoch: 69.82939910888672
2024-03-22 20:28:33,257 - INFO - TRAINING - Epoch: 10, Loss per Epoch: 54.62953567504883
2024-03-22 20:54:59,657 - INFO - TEST - Accuracy: 0.8298277243589743
2024-03-22 20:54:59,657 - INFO - CONFIG - Paths - traindata: ./data/train
2024-03-22 20:54:59,657 - INFO - CONFIG - Paths - testdata: ./data/test
2024-03-22 20:54:59,658 - INFO - CONFIG - Data - batchsize: 128
2024-03-22 20:54:59,658 - INFO - CONFIG - Pooling - pool1size: 2
2024-03-22 20:54:59,658 - INFO - CONFIG - Pooling - pool1stride: 2
2024-03-22 20:54:59,658 - INFO - CONFIG - Pooling - pool2size: 2
2024-03-22 20:54:59,658 - INFO - CONFIG - Pooling - pool2stride: 2
2024-03-22 20:54:59,658 - INFO - CONFIG - Pooling - pool3size: 2
2024-03-22 20:54:59,658 - INFO - CONFIG - Pooling - pool3stride: 2
2024-03-22 20:54:59,658 - INFO - CONFIG - Device - device: cuda
2024-03-22 20:54:59,658 - INFO - CONFIG - Conv - kernelsize1: 3
2024-03-22 20:54:59,658 - INFO - CONFIG - Conv - kernelsize2: 3
2024-03-22 20:54:59,658 - INFO - CONFIG - Conv - kernelsize3: 1
2024-03-22 20:54:59,658 - INFO - CONFIG - Conv - kernelsize4: 3
2024-03-22 20:54:59,658 - INFO - CONFIG - Conv - kernelsize5: 3
2024-03-22 20:54:59,658 - INFO - CONFIG - Conv - conv1in: 3
2024-03-22 20:54:59,658 - INFO - CONFIG - Conv - conv1out: 256
2024-03-22 20:54:59,658 - INFO - CONFIG - Conv - conv2in: 256
2024-03-22 20:54:59,658 - INFO - CONFIG - Conv - conv2out: 512
2024-03-22 20:54:59,658 - INFO - CONFIG - Conv - conv3in: 512
2024-03-22 20:54:59,658 - INFO - CONFIG - Conv - conv3out: 1024
2024-03-22 20:54:59,658 - INFO - CONFIG - Conv - conv4in: 1024
2024-03-22 20:54:59,658 - INFO - CONFIG - Conv - conv4out: 2048
2024-03-22 20:54:59,658 - INFO - CONFIG - Conv - conv5in: 2048
2024-03-22 20:54:59,658 - INFO - CONFIG - Conv - conv5out: 4096
2024-03-22 20:54:59,658 - INFO - CONFIG - Linear - l1in: 1024
2024-03-22 20:54:59,658 - INFO - CONFIG - Linear - l1out: 4096
2024-03-22 20:54:59,658 - INFO - CONFIG - Linear - l2in: 4096
2024-03-22 20:54:59,658 - INFO - CONFIG - Linear - l2out: 1024
2024-03-22 20:54:59,658 - INFO - CONFIG - Linear - l3in: 1024
2024-03-22 20:54:59,658 - INFO - CONFIG - Linear - l3out: 10
2024-03-22 20:54:59,658 - INFO - CONFIG - View - v1: -1
2024-03-22 20:54:59,658 - INFO - CONFIG - View - v2: 1024
2024-03-22 20:54:59,658 - INFO - CONFIG - Training - numepochs: 10
2024-03-22 20:54:59,658 - INFO - CONFIG - Training - learningrate: 0.0005
2024-03-22 20:54:59,658 - INFO - TRAINING - Epoch: 1, Loss per Epoch: 630.041748046875
2024-03-22 20:54:59,658 - INFO - TRAINING - Epoch: 2, Loss per Epoch: 417.7375183105469
2024-03-22 20:54:59,658 - INFO - TRAINING - Epoch: 3, Loss per Epoch: 309.82757568359375
2024-03-22 20:54:59,658 - INFO - TRAINING - Epoch: 4, Loss per Epoch: 237.48251342773438
2024-03-22 20:54:59,658 - INFO - TRAINING - Epoch: 5, Loss per Epoch: 188.92494201660156
2024-03-22 20:54:59,658 - INFO - TRAINING - Epoch: 6, Loss per Epoch: 155.4501495361328
2024-03-22 20:54:59,658 - INFO - TRAINING - Epoch: 7, Loss per Epoch: 125.75580596923828
2024-03-22 20:54:59,658 - INFO - TRAINING - Epoch: 8, Loss per Epoch: 100.31297302246094
2024-03-22 20:54:59,658 - INFO - TRAINING - Epoch: 9, Loss per Epoch: 82.08456420898438
2024-03-22 20:54:59,658 - INFO - TRAINING - Epoch: 10, Loss per Epoch: 67.62612915039062
2024-03-22 21:06:33,082 - INFO - TEST - Accuracy: 0.8240184294871795
2024-03-22 21:06:33,082 - INFO - CONFIG - Paths - traindata: ./data/train
2024-03-22 21:06:33,083 - INFO - CONFIG - Paths - testdata: ./data/test
2024-03-22 21:06:33,083 - INFO - CONFIG - Data - batchsize: 128
2024-03-22 21:06:33,083 - INFO - CONFIG - Pooling - pool1size: 2
2024-03-22 21:06:33,083 - INFO - CONFIG - Pooling - pool1stride: 2
2024-03-22 21:06:33,083 - INFO - CONFIG - Pooling - pool2size: 2
2024-03-22 21:06:33,083 - INFO - CONFIG - Pooling - pool2stride: 2
2024-03-22 21:06:33,083 - INFO - CONFIG - Pooling - pool3size: 2
2024-03-22 21:06:33,083 - INFO - CONFIG - Pooling - pool3stride: 2
2024-03-22 21:06:33,083 - INFO - CONFIG - Device - device: cuda
2024-03-22 21:06:33,083 - INFO - CONFIG - Conv - kernelsize1: 3
2024-03-22 21:06:33,083 - INFO - CONFIG - Conv - kernelsize2: 3
2024-03-22 21:06:33,083 - INFO - CONFIG - Conv - kernelsize3: 1
2024-03-22 21:06:33,083 - INFO - CONFIG - Conv - kernelsize4: 3
2024-03-22 21:06:33,083 - INFO - CONFIG - Conv - kernelsize5: 3
2024-03-22 21:06:33,083 - INFO - CONFIG - Conv - conv1in: 3
2024-03-22 21:06:33,083 - INFO - CONFIG - Conv - conv1out: 256
2024-03-22 21:06:33,083 - INFO - CONFIG - Conv - conv2in: 256
2024-03-22 21:06:33,083 - INFO - CONFIG - Conv - conv2out: 512
2024-03-22 21:06:33,083 - INFO - CONFIG - Conv - conv3in: 512
2024-03-22 21:06:33,083 - INFO - CONFIG - Conv - conv3out: 1024
2024-03-22 21:06:33,083 - INFO - CONFIG - Conv - conv4in: 1024
2024-03-22 21:06:33,083 - INFO - CONFIG - Conv - conv4out: 2048
2024-03-22 21:06:33,083 - INFO - CONFIG - Conv - conv5in: 2048
2024-03-22 21:06:33,083 - INFO - CONFIG - Conv - conv5out: 4096
2024-03-22 21:06:33,083 - INFO - CONFIG - Linear - l1in: 1024
2024-03-22 21:06:33,083 - INFO - CONFIG - Linear - l1out: 4096
2024-03-22 21:06:33,083 - INFO - CONFIG - Linear - l2in: 4096
2024-03-22 21:06:33,083 - INFO - CONFIG - Linear - l2out: 1024
2024-03-22 21:06:33,083 - INFO - CONFIG - Linear - l3in: 1024
2024-03-22 21:06:33,083 - INFO - CONFIG - Linear - l3out: 10
2024-03-22 21:06:33,083 - INFO - CONFIG - View - v1: -1
2024-03-22 21:06:33,083 - INFO - CONFIG - View - v2: 1024
2024-03-22 21:06:33,083 - INFO - CONFIG - Training - numepochs: 10
2024-03-22 21:06:33,083 - INFO - CONFIG - Training - learningrate: 0.0005
2024-03-22 21:06:33,083 - INFO - TRAINING - Epoch: 1, Loss per Epoch: 518.1534423828125
2024-03-22 21:06:33,083 - INFO - TRAINING - Epoch: 2, Loss per Epoch: 328.0564270019531
2024-03-22 21:06:33,083 - INFO - TRAINING - Epoch: 3, Loss per Epoch: 244.6697540283203
2024-03-22 21:06:33,083 - INFO - TRAINING - Epoch: 4, Loss per Epoch: 194.84701538085938
2024-03-22 21:06:33,083 - INFO - TRAINING - Epoch: 5, Loss per Epoch: 155.45457458496094
2024-03-22 21:06:33,083 - INFO - TRAINING - Epoch: 6, Loss per Epoch: 125.87933349609375
2024-03-22 21:06:33,083 - INFO - TRAINING - Epoch: 7, Loss per Epoch: 100.54108428955078
2024-03-22 21:06:33,083 - INFO - TRAINING - Epoch: 8, Loss per Epoch: 76.64200592041016
2024-03-22 21:06:33,083 - INFO - TRAINING - Epoch: 9, Loss per Epoch: 61.81081008911133
2024-03-22 21:06:33,083 - INFO - TRAINING - Epoch: 10, Loss per Epoch: 50.48540115356445
