2024-03-21 23:32:52,094 - INFO - TEST - Accuracy: 0.7388822115384616
2024-03-21 23:32:52,094 - INFO - CONFIG - Paths - traindata: ./data/train
2024-03-21 23:32:52,095 - INFO - CONFIG - Paths - testdata: ./data/test
2024-03-21 23:32:52,095 - INFO - CONFIG - Data - batchsize: 128
2024-03-21 23:32:52,095 - INFO - CONFIG - Pooling - pool1size: 2
2024-03-21 23:32:52,095 - INFO - CONFIG - Pooling - pool1stride: 2
2024-03-21 23:32:52,095 - INFO - CONFIG - Pooling - pool2size: 2
2024-03-21 23:32:52,095 - INFO - CONFIG - Pooling - pool2stride: 2
2024-03-21 23:32:52,095 - INFO - CONFIG - Device - device: cuda
2024-03-21 23:32:52,095 - INFO - CONFIG - Conv - kernelsize1: 3
2024-03-21 23:32:52,095 - INFO - CONFIG - Conv - kernelsize2: 3
2024-03-21 23:32:52,095 - INFO - CONFIG - Conv - kernelsize3: 1
2024-03-21 23:32:52,095 - INFO - CONFIG - Conv - conv1in: 3
2024-03-21 23:32:52,095 - INFO - CONFIG - Conv - conv1out: 256
2024-03-21 23:32:52,095 - INFO - CONFIG - Conv - conv2in: 256
2024-03-21 23:32:52,095 - INFO - CONFIG - Conv - conv2out: 512
2024-03-21 23:32:52,095 - INFO - CONFIG - Conv - conv3in: 512
2024-03-21 23:32:52,095 - INFO - CONFIG - Conv - conv3out: 1024
2024-03-21 23:32:52,095 - INFO - CONFIG - Linear - l1in: 1024
2024-03-21 23:32:52,095 - INFO - CONFIG - Linear - l1out: 4096
2024-03-21 23:32:52,095 - INFO - CONFIG - Linear - l2in: 4096
2024-03-21 23:32:52,095 - INFO - CONFIG - Linear - l2out: 1024
2024-03-21 23:32:52,095 - INFO - CONFIG - Linear - l3in: 1024
2024-03-21 23:32:52,095 - INFO - CONFIG - Linear - l3out: 10
2024-03-21 23:32:52,095 - INFO - CONFIG - View - v1: -1
2024-03-21 23:32:52,095 - INFO - CONFIG - View - v2: 1024
2024-03-21 23:32:52,095 - INFO - CONFIG - Training - numepochs: 10
2024-03-21 23:32:52,095 - INFO - CONFIG - Training - learningrate: 0.0005
2024-03-21 23:32:52,095 - INFO - TRAINING - Epoch: 1, Loss per Epoch: 534.8705444335938
2024-03-21 23:32:52,095 - INFO - TRAINING - Epoch: 2, Loss per Epoch: 345.53131103515625
2024-03-21 23:32:52,095 - INFO - TRAINING - Epoch: 3, Loss per Epoch: 244.306884765625
2024-03-21 23:32:52,095 - INFO - TRAINING - Epoch: 4, Loss per Epoch: 151.14996337890625
2024-03-21 23:32:52,095 - INFO - TRAINING - Epoch: 5, Loss per Epoch: 79.1767807006836
2024-03-21 23:32:52,095 - INFO - TRAINING - Epoch: 6, Loss per Epoch: 44.971038818359375
2024-03-21 23:32:52,095 - INFO - TRAINING - Epoch: 7, Loss per Epoch: 35.669002532958984
2024-03-21 23:32:52,095 - INFO - TRAINING - Epoch: 8, Loss per Epoch: 26.111507415771484
2024-03-21 23:32:52,095 - INFO - TRAINING - Epoch: 9, Loss per Epoch: 24.851581573486328
2024-03-21 23:32:52,095 - INFO - TRAINING - Epoch: 10, Loss per Epoch: 20.958141326904297
